<?xml version="1.0" encoding="UTF-8"?>
<!-- Generated by org.testng.reporters.JUnitXMLReporter -->
<testsuite hostname="DESKTOP-CN3CBMR" ignored="0" name="Default test" tests="3" failures="0" timestamp="01 Nov 2021 16:43:25 GMT" time="146.259" errors="0">
  <testcase name="laptoptest" time="33.576" classname="pack1.Testexampl"/>
  <testcase name="spktest" time="32.471" classname="pack1.Testexampl"/>
  <testcase name="tablettest" time="32.557" classname="pack1.Testexampl"/>
</testsuite> <!-- Default test -->
