<?xml version="1.0" encoding="UTF-8"?>
<testng-results skipped="0" failed="0" ignored="0" total="3" passed="3">
  <reporter-output>
  </reporter-output>
  <suite name="Default suite" duration-ms="146259" started-at="2021-11-01T16:40:59Z" finished-at="2021-11-01T16:43:25Z">
    <groups>
    </groups>
    <test name="Default test" duration-ms="146259" started-at="2021-11-01T16:40:59Z" finished-at="2021-11-01T16:43:25Z">
      <class name="pack1.Testexampl">
        <test-method status="PASS" signature="openbrowser()[pri:0, instance:pack1.Testexampl@6b09bb57]" name="openbrowser" is-config="true" duration-ms="22640" started-at="2021-11-01T16:40:59Z" finished-at="2021-11-01T16:41:22Z">
          <reporter-output>
          </reporter-output>
        </test-method> <!-- openbrowser -->
        <test-method status="PASS" signature="laptoptest()[pri:0, instance:pack1.Testexampl@6b09bb57]" name="laptoptest" duration-ms="33576" started-at="2021-11-01T16:41:22Z" finished-at="2021-11-01T16:41:55Z">
          <reporter-output>
          </reporter-output>
        </test-method> <!-- laptoptest -->
        <test-method status="PASS" signature="closebrowser()[pri:0, instance:pack1.Testexampl@6b09bb57]" name="closebrowser" is-config="true" duration-ms="1350" started-at="2021-11-01T16:41:55Z" finished-at="2021-11-01T16:41:57Z">
          <reporter-output>
          </reporter-output>
        </test-method> <!-- closebrowser -->
        <test-method status="PASS" signature="openbrowser()[pri:0, instance:pack1.Testexampl@6b09bb57]" name="openbrowser" is-config="true" duration-ms="11805" started-at="2021-11-01T16:41:57Z" finished-at="2021-11-01T16:42:09Z">
          <reporter-output>
          </reporter-output>
        </test-method> <!-- openbrowser -->
        <test-method status="PASS" signature="spktest()[pri:0, instance:pack1.Testexampl@6b09bb57]" name="spktest" duration-ms="32471" started-at="2021-11-01T16:42:09Z" finished-at="2021-11-01T16:42:41Z">
          <reporter-output>
          </reporter-output>
        </test-method> <!-- spktest -->
        <test-method status="PASS" signature="closebrowser()[pri:0, instance:pack1.Testexampl@6b09bb57]" name="closebrowser" is-config="true" duration-ms="1216" started-at="2021-11-01T16:42:41Z" finished-at="2021-11-01T16:42:42Z">
          <reporter-output>
          </reporter-output>
        </test-method> <!-- closebrowser -->
        <test-method status="PASS" signature="openbrowser()[pri:0, instance:pack1.Testexampl@6b09bb57]" name="openbrowser" is-config="true" duration-ms="9003" started-at="2021-11-01T16:42:42Z" finished-at="2021-11-01T16:42:51Z">
          <reporter-output>
          </reporter-output>
        </test-method> <!-- openbrowser -->
        <test-method status="PASS" signature="tablettest()[pri:0, instance:pack1.Testexampl@6b09bb57]" name="tablettest" duration-ms="32557" started-at="2021-11-01T16:42:51Z" finished-at="2021-11-01T16:43:24Z">
          <reporter-output>
          </reporter-output>
        </test-method> <!-- tablettest -->
        <test-method status="PASS" signature="closebrowser()[pri:0, instance:pack1.Testexampl@6b09bb57]" name="closebrowser" is-config="true" duration-ms="1578" started-at="2021-11-01T16:43:24Z" finished-at="2021-11-01T16:43:25Z">
          <reporter-output>
          </reporter-output>
        </test-method> <!-- closebrowser -->
      </class> <!-- pack1.Testexampl -->
    </test> <!-- Default test -->
  </suite> <!-- Default suite -->
</testng-results>
